<?xml version="1.0" encoding="UTF-8"?>
<!-- Generated by org.testng.reporters.JUnitReportReporter -->
<testsuite hostname="DESKTOP-OE843S0" failures="0" tests="1" name="mytest.Ajaxcalls" time="8.765" errors="0" timestamp="2025-02-25T23:16:05 IST" skipped="0">
  <testcase classname="mytest.Ajaxcalls" name="validateLogin" time="8.765"/>
  <system-out/>
</testsuite> <!-- mytest.Ajaxcalls -->
