<?xml version="1.0" encoding="UTF-8"?>
<!-- Generated by org.testng.reporters.JUnitReportReporter -->
<testsuite hostname="DESKTOP-OE843S0" failures="0" tests="1" name="mytest.Ajaxcalls" time="11.524" errors="0" timestamp="2025-02-25T19:14:46 IST" skipped="0">
  <testcase classname="mytest.Ajaxcalls" name="validateLogin" time="11.524"/>
  <system-out/>
</testsuite> <!-- mytest.Ajaxcalls -->
