<?xml version="1.0" encoding="UTF-8"?>
<!-- Generated by org.testng.reporters.JUnitReportReporter -->
<testsuite hostname="DESKTOP-OE843S0" failures="0" tests="1" name="mytest.MandatoryFiledsChecking" time="2.171" errors="0" timestamp="2024-11-20T20:03:03 IST" skipped="0">
  <testcase classname="mytest.MandatoryFiledsChecking" name="mandatoryfieldstest" time="2.171"/>
  <system-out/>
</testsuite> <!-- mytest.MandatoryFiledsChecking -->
