<?xml version="1.0" encoding="UTF-8"?>
<!-- Generated by org.testng.reporters.JUnitReportReporter -->
<testsuite hostname="DESKTOP-OE843S0" failures="0" tests="1" name="mytest.Ajaxcalls" time="10.323" errors="0" timestamp="2024-11-20T17:08:38 IST" skipped="0">
  <testcase classname="mytest.Ajaxcalls" name="validateLogin" time="10.323"/>
  <system-out/>
</testsuite> <!-- mytest.Ajaxcalls -->
