<?xml version="1.0" encoding="UTF-8"?>
<!-- Generated by org.testng.reporters.JUnitReportReporter -->
<testsuite hostname="DESKTOP-OE843S0" failures="0" tests="1" name="mytest.Finding_WebElementsByScrolling" time="11.281" errors="0" timestamp="2024-11-21T17:34:46 IST" skipped="0">
  <testcase classname="mytest.Finding_WebElementsByScrolling" name="testbyscroll" time="11.281"/>
  <system-out/>
</testsuite> <!-- mytest.Finding_WebElementsByScrolling -->
